<?xml version="1.0" encoding="UTF-8"?>
<!-- Generated by org.testng.reporters.JUnitReportReporter -->
<testsuite skipped="0" hostname="Ajit-Solanki-DESKTOP-691U94S" name="test.Login" tests="1" failures="0" timestamp="07 Oct 2018 11:44:04 GMT" time="80.747" errors="0">
  <testcase name="login" time="80.747" classname="test.Login"/>
</testsuite> <!-- test.Login -->
